  1>Checking Build System
  CMake is re-running because C:/Users/User/Documents/GitHub/-3D-Kinetic-Sculpture-Testing/3d/LearnOpenGL-master - bin/CMakeFiles/generate.stamp is out-of-date.
    the file 'C:/Users/User/Documents/GitHub/-3D-Kinetic-Sculpture-Testing/3d/LearnOpenGL-master/CMakeLists.txt'
    is newer than 'C:/Users/User/Documents/GitHub/-3D-Kinetic-Sculpture-Testing/3d/LearnOpenGL-master - bin/CMakeFiles/generate.stamp.depend'
    result='-1'
  CMake Deprecation Warning at CMakeLists.txt:1 (cmake_minimum_required):
    Compatibility with CMake < 3.5 will be removed from a future version of
    CMake.
  
    Update the VERSION argument <min> value or use a ...<max> suffix to tell
    CMake that the project does not need compatibility with older versions.
  
  
  CMake Deprecation Warning at CMakeLists.txt:2 (cmake_policy):
    Compatibility with CMake < 3.5 will be removed from a future version of
    CMake.
  
    Update the VERSION argument <min> value or use a ...<max> suffix to tell
    CMake that the project does not need compatibility with older versions.
  
  
  -- Selecting Windows SDK version 10.0.26100.0 to target Windows 10.0.22621.
  -- GLM_INCLUDE_DIR = C:/Users/User/Documents/GitHub/-3D-Kinetic-Sculpture-Testing/3d/LearnOpenGL-master/includes
  -- GLM included at C:/Users/User/Documents/GitHub/-3D-Kinetic-Sculpture-Testing/3d/LearnOpenGL-master/includes
  -- Found GLFW3 in C:/Users/User/Documents/GitHub/-3D-Kinetic-Sculpture-Testing/3d/LearnOpenGL-master/includes
  -- Found ASSIMP: C:/Users/User/Documents/GitHub/-3D-Kinetic-Sculpture-Testing/3d/LearnOpenGL-master/lib/assimp.lib
  -- Found ASSIMP in C:/Users/User/Documents/GitHub/-3D-Kinetic-Sculpture-Testing/3d/LearnOpenGL-master/includes
  -- Configuring done (0.4s)
  -- Generating done (0.5s)
  -- Build files have been written to: C:/Users/User/Documents/GitHub/-3D-Kinetic-Sculpture-Testing/3D/LearnOpenGL-master - bin
